# JRE version: OpenJDK Runtime Environment (8.0_202-b03) (build 1.8.0_202-release-1483-b03)
# Java VM: OpenJDK 64-Bit Server VM (25.202-b03 mixed mode windows-amd64 compressed oops)
Heap:
 PSYoungGen      total 41472K, used 25062K [0x00000000e0000000, 0x00000000e5100000, 0x0000000100000000)
  eden space 31232K, 80% used [0x00000000e0000000,0x00000000e1879a48,0x00000000e1e80000)
  from space 10240K, 0% used [0x00000000e2880000,0x00000000e2880000,0x00000000e3280000)
  to   space 10240K, 0% used [0x00000000e1e80000,0x00000000e1e80000,0x00000000e2880000)
 ParOldGen       total 63488K, used 7883K [0x00000000a0000000, 0x00000000a3e00000, 0x00000000e0000000)
  object space 63488K, 12% used [0x00000000a0000000,0x00000000a07b2f48,0x00000000a3e00000)
 Metaspace       used 24524K, capacity 24926K, committed 25344K, reserved 1071104K
  class space    used 3315K, capacity 3482K, committed 3584K, reserved 1048576K
GC Heap History (10 events):
Event: 3.653 GC heap before
{Heap before GC invocations=3 (full 0):
 PSYoungGen      total 36864K, used 35872K [0x00000000e0000000, 0x00000000e4800000, 0x0000000100000000)
  eden space 31744K, 100% used [0x00000000e0000000,0x00000000e1f00000,0x00000000e1f00000)
  from space 5120K, 80% used [0x00000000e2400000,0x00000000e2808208,0x00000000e2900000)
  to   space 5120K, 0% used [0x00000000e1f00000,0x00000000e1f00000,0x00000000e2400000)
 ParOldGen       total 84992K, used 16K [0x00000000a0000000, 0x00000000a5300000, 0x00000000e0000000)
  object space 84992K, 0% used [0x00000000a0000000,0x00000000a0004000,0x00000000a5300000)
 Metaspace       used 12793K, capacity 13102K, committed 13184K, reserved 1060864K
  class space    used 1763K, capacity 1889K, committed 1920K, reserved 1048576K
Event: 3.661 GC heap after
Heap after GC invocations=3 (full 0):
 PSYoungGen      total 36864K, used 5088K [0x00000000e0000000, 0x00000000e2900000, 0x0000000100000000)
  eden space 31744K, 0% used [0x00000000e0000000,0x00000000e0000000,0x00000000e1f00000)
  from space 5120K, 99% used [0x00000000e1f00000,0x00000000e23f8058,0x00000000e2400000)
  to   space 5120K, 0% used [0x00000000e2400000,0x00000000e2400000,0x00000000e2900000)
 ParOldGen       total 84992K, used 1624K [0x00000000a0000000, 0x00000000a5300000, 0x00000000e0000000)
  object space 84992K, 1% used [0x00000000a0000000,0x00000000a0196088,0x00000000a5300000)
 Metaspace       used 12793K, capacity 13102K, committed 13184K, reserved 1060864K
  class space    used 1763K, capacity 1889K, committed 1920K, reserved 1048576K
}
Event: 5.125 GC heap before
{Heap before GC invocations=4 (full 0):
 PSYoungGen      total 36864K, used 36832K [0x00000000e0000000, 0x00000000e2900000, 0x0000000100000000)
  eden space 31744K, 100% used [0x00000000e0000000,0x00000000e1f00000,0x00000000e1f00000)
  from space 5120K, 99% used [0x00000000e1f00000,0x00000000e23f8058,0x00000000e2400000)
  to   space 5120K, 0% used [0x00000000e2400000,0x00000000e2400000,0x00000000e2900000)
 ParOldGen       total 84992K, used 1624K [0x00000000a0000000, 0x00000000a5300000, 0x00000000e0000000)
  object space 84992K, 1% used [0x00000000a0000000,0x00000000a0196088,0x00000000a5300000)
 Metaspace       used 15475K, capacity 15780K, committed 16000K, reserved 1062912K
  class space    used 2197K, capacity 2318K, committed 2432K, reserved 1048576K
Event: 5.146 GC heap after
Heap after GC invocations=4 (full 0):
 PSYoungGen      total 36864K, used 5088K [0x00000000e0000000, 0x00000000e2900000, 0x0000000100000000)
  eden space 31744K, 0% used [0x00000000e0000000,0x00000000e0000000,0x00000000e1f00000)
  from space 5120K, 99% used [0x00000000e2400000,0x00000000e28f8020,0x00000000e2900000)
  to   space 5120K, 0% used [0x00000000e1f00000,0x00000000e1f00000,0x00000000e2400000)
 ParOldGen       total 84992K, used 4525K [0x00000000a0000000, 0x00000000a5300000, 0x00000000e0000000)
  object space 84992K, 5% used [0x00000000a0000000,0x00000000a046b490,0x00000000a5300000)
 Metaspace       used 15475K, capacity 15780K, committed 16000K, reserved 1062912K
  class space    used 2197K, capacity 2318K, committed 2432K, reserved 1048576K
}
Event: 6.786 GC heap before
{Heap before GC invocations=5 (full 0):
 PSYoungGen      total 36864K, used 36832K [0x00000000e0000000, 0x00000000e2900000, 0x0000000100000000)
  eden space 31744K, 100% used [0x00000000e0000000,0x00000000e1f00000,0x00000000e1f00000)
  from space 5120K, 99% used [0x00000000e2400000,0x00000000e28f8020,0x00000000e2900000)
  to   space 5120K, 0% used [0x00000000e1f00000,0x00000000e1f00000,0x00000000e2400000)
 ParOldGen       total 84992K, used 4525K [0x00000000a0000000, 0x00000000a5300000, 0x00000000e0000000)
  object space 84992K, 5% used [0x00000000a0000000,0x00000000a046b490,0x00000000a5300000)
 Metaspace       used 18654K, capacity 19024K, committed 19328K, reserved 1064960K
  class space    used 2690K, capacity 2838K, committed 2944K, reserved 1048576K
Event: 6.800 GC heap after
Heap after GC invocations=5 (full 0):
 PSYoungGen      total 36352K, used 5088K [0x00000000e0000000, 0x00000000e3280000, 0x0000000100000000)
  eden space 31232K, 0% used [0x00000000e0000000,0x00000000e0000000,0x00000000e1e80000)
  from space 5120K, 99% used [0x00000000e1f00000,0x00000000e23f8050,0x00000000e2400000)
  to   space 10240K, 0% used [0x00000000e2880000,0x00000000e2880000,0x00000000e3280000)
 ParOldGen       total 84992K, used 8061K [0x00000000a0000000, 0x00000000a5300000, 0x00000000e0000000)
  object space 84992K, 9% used [0x00000000a0000000,0x00000000a07df750,0x00000000a5300000)
 Metaspace       used 18654K, capacity 19024K, committed 19328K, reserved 1064960K
  class space    used 2690K, capacity 2838K, committed 2944K, reserved 1048576K
}
Event: 7.454 GC heap before
{Heap before GC invocations=6 (full 0):
 PSYoungGen      total 36352K, used 16454K [0x00000000e0000000, 0x00000000e3280000, 0x0000000100000000)
  eden space 31232K, 36% used [0x00000000e0000000,0x00000000e0b198c0,0x00000000e1e80000)
  from space 5120K, 99% used [0x00000000e1f00000,0x00000000e23f8050,0x00000000e2400000)
  to   space 10240K, 0% used [0x00000000e2880000,0x00000000e2880000,0x00000000e3280000)
 ParOldGen       total 84992K, used 8061K [0x00000000a0000000, 0x00000000a5300000, 0x00000000e0000000)
  object space 84992K, 9% used [0x00000000a0000000,0x00000000a07df750,0x00000000a5300000)
 Metaspace       used 20725K, capacity 21072K, committed 21248K, reserved 1067008K
  class space    used 2860K, capacity 3030K, committed 3072K, reserved 1048576K
Event: 7.471 GC heap after
Heap after GC invocations=6 (full 0):
 PSYoungGen      total 41472K, used 7092K [0x00000000e0000000, 0x00000000e5100000, 0x0000000100000000)
  eden space 31232K, 0% used [0x00000000e0000000,0x00000000e0000000,0x00000000e1e80000)
  from space 10240K, 69% used [0x00000000e2880000,0x00000000e2f6d240,0x00000000e3280000)
  to   space 10240K, 0% used [0x00000000e1e80000,0x00000000e1e80000,0x00000000e2880000)
 ParOldGen       total 84992K, used 8069K [0x00000000a0000000, 0x00000000a5300000, 0x00000000e0000000)
  object space 84992K, 9% used [0x00000000a0000000,0x00000000a07e1750,0x00000000a5300000)
 Metaspace       used 20725K, capacity 21072K, committed 21248K, reserved 1067008K
  class space    used 2860K, capacity 3030K, committed 3072K, reserved 1048576K
}
Event: 7.471 GC heap before
{Heap before GC invocations=7 (full 1):
 PSYoungGen      total 41472K, used 7092K [0x00000000e0000000, 0x00000000e5100000, 0x0000000100000000)
  eden space 31232K, 0% used [0x00000000e0000000,0x00000000e0000000,0x00000000e1e80000)
  from space 10240K, 69% used [0x00000000e2880000,0x00000000e2f6d240,0x00000000e3280000)
  to   space 10240K, 0% used [0x00000000e1e80000,0x00000000e1e80000,0x00000000e2880000)
 ParOldGen       total 84992K, used 8069K [0x00000000a0000000, 0x00000000a5300000, 0x00000000e0000000)
  object space 84992K, 9% used [0x00000000a0000000,0x00000000a07e1750,0x00000000a5300000)
 Metaspace       used 20725K, capacity 21072K, committed 21248K, reserved 1067008K
  class space    used 2860K, capacity 3030K, committed 3072K, reserved 1048576K
Event: 7.625 GC heap after
Heap after GC invocations=7 (full 1):
 PSYoungGen      total 41472K, used 0K [0x00000000e0000000, 0x00000000e5100000, 0x0000000100000000)
  eden space 31232K, 0% used [0x00000000e0000000,0x00000000e0000000,0x00000000e1e80000)
  from space 10240K, 0% used [0x00000000e2880000,0x00000000e2880000,0x00000000e3280000)
  to   space 10240K, 0% used [0x00000000e1e80000,0x00000000e1e80000,0x00000000e2880000)
 ParOldGen       total 63488K, used 7883K [0x00000000a0000000, 0x00000000a3e00000, 0x00000000e0000000)
  object space 63488K, 12% used [0x00000000a0000000,0x00000000a07b2f48,0x00000000a3e00000)
 Metaspace       used 20725K, capacity 21072K, committed 21248K, reserved 1067008K
  class space    used 2860K, capacity 3030K, committed 3072K, reserved 1048576K
}

