# JRE version: OpenJDK Runtime Environment (8.0_202-b03) (build 1.8.0_202-release-1483-b03)
# Java VM: OpenJDK 64-Bit Server VM (25.202-b03 mixed mode windows-amd64 compressed oops)
Heap:
 PSYoungGen      total 108032K, used 88795K [0x00000000e0000000, 0x00000000e9780000, 0x0000000100000000)
  eden space 96768K, 80% used [0x00000000e0000000,0x00000000e4bb98d0,0x00000000e5e80000)
  from space 11264K, 99% used [0x00000000e5e80000,0x00000000e697d5a0,0x00000000e6980000)
  to   space 14336K, 0% used [0x00000000e8980000,0x00000000e8980000,0x00000000e9780000)
 ParOldGen       total 82432K, used 22120K [0x00000000a0000000, 0x00000000a5080000, 0x00000000e0000000)
  object space 82432K, 26% used [0x00000000a0000000,0x00000000a159a298,0x00000000a5080000)
 Metaspace       used 56486K, capacity 57948K, committed 58200K, reserved 1099776K
  class space    used 7670K, capacity 8051K, committed 8064K, reserved 1048576K
GC Heap History (10 events):
Event: 14.774 GC heap before
{Heap before GC invocations=11 (full 1):
 PSYoungGen      total 60416K, used 57363K [0x00000000e0000000, 0x00000000e5a80000, 0x0000000100000000)
  eden space 50176K, 100% used [0x00000000e0000000,0x00000000e3100000,0x00000000e3100000)
  from space 10240K, 70% used [0x00000000e3100000,0x00000000e3804e18,0x00000000e3b00000)
  to   space 10240K, 0% used [0x00000000e5080000,0x00000000e5080000,0x00000000e5a80000)
 ParOldGen       total 56320K, used 8375K [0x00000000a0000000, 0x00000000a3700000, 0x00000000e0000000)
  object space 56320K, 14% used [0x00000000a0000000,0x00000000a082ded0,0x00000000a3700000)
 Metaspace       used 33646K, capacity 34232K, committed 34560K, reserved 1079296K
  class space    used 4611K, capacity 4813K, committed 4864K, reserved 1048576K
Event: 14.803 GC heap after
Heap after GC invocations=11 (full 1):
 PSYoungGen      total 80384K, used 4918K [0x00000000e0000000, 0x00000000e5900000, 0x0000000100000000)
  eden space 71680K, 0% used [0x00000000e0000000,0x00000000e0000000,0x00000000e4600000)
  from space 8704K, 56% used [0x00000000e5080000,0x00000000e554d9e0,0x00000000e5900000)
  to   space 9728K, 0% used [0x00000000e4600000,0x00000000e4600000,0x00000000e4f80000)
 ParOldGen       total 56320K, used 11447K [0x00000000a0000000, 0x00000000a3700000, 0x00000000e0000000)
  object space 56320K, 20% used [0x00000000a0000000,0x00000000a0b2dee0,0x00000000a3700000)
 Metaspace       used 33646K, capacity 34232K, committed 34560K, reserved 1079296K
  class space    used 4611K, capacity 4813K, committed 4864K, reserved 1048576K
}
Event: 18.820 GC heap before
{Heap before GC invocations=12 (full 1):
 PSYoungGen      total 80384K, used 34440K [0x00000000e0000000, 0x00000000e5900000, 0x0000000100000000)
  eden space 71680K, 41% used [0x00000000e0000000,0x00000000e1cd4770,0x00000000e4600000)
  from space 8704K, 56% used [0x00000000e5080000,0x00000000e554d9e0,0x00000000e5900000)
  to   space 9728K, 0% used [0x00000000e4600000,0x00000000e4600000,0x00000000e4f80000)
 ParOldGen       total 56320K, used 11447K [0x00000000a0000000, 0x00000000a3700000, 0x00000000e0000000)
  object space 56320K, 20% used [0x00000000a0000000,0x00000000a0b2dee0,0x00000000a3700000)
 Metaspace       used 34654K, capacity 35278K, committed 35416K, reserved 1079296K
  class space    used 4757K, capacity 4940K, committed 4992K, reserved 1048576K
Event: 18.828 GC heap after
Heap after GC invocations=12 (full 1):
 PSYoungGen      total 81408K, used 4550K [0x00000000e0000000, 0x00000000e7480000, 0x0000000100000000)
  eden space 71680K, 0% used [0x00000000e0000000,0x00000000e0000000,0x00000000e4600000)
  from space 9728K, 46% used [0x00000000e4600000,0x00000000e4a718f8,0x00000000e4f80000)
  to   space 9728K, 0% used [0x00000000e6b00000,0x00000000e6b00000,0x00000000e7480000)
 ParOldGen       total 56320K, used 13999K [0x00000000a0000000, 0x00000000a3700000, 0x00000000e0000000)
  object space 56320K, 24% used [0x00000000a0000000,0x00000000a0dabe60,0x00000000a3700000)
 Metaspace       used 34654K, capacity 35278K, committed 35416K, reserved 1079296K
  class space    used 4757K, capacity 4940K, committed 4992K, reserved 1048576K
}
Event: 18.828 GC heap before
{Heap before GC invocations=13 (full 2):
 PSYoungGen      total 81408K, used 4550K [0x00000000e0000000, 0x00000000e7480000, 0x0000000100000000)
  eden space 71680K, 0% used [0x00000000e0000000,0x00000000e0000000,0x00000000e4600000)
  from space 9728K, 46% used [0x00000000e4600000,0x00000000e4a718f8,0x00000000e4f80000)
  to   space 9728K, 0% used [0x00000000e6b00000,0x00000000e6b00000,0x00000000e7480000)
 ParOldGen       total 56320K, used 13999K [0x00000000a0000000, 0x00000000a3700000, 0x00000000e0000000)
  object space 56320K, 24% used [0x00000000a0000000,0x00000000a0dabe60,0x00000000a3700000)
 Metaspace       used 34654K, capacity 35278K, committed 35416K, reserved 1079296K
  class space    used 4757K, capacity 4940K, committed 4992K, reserved 1048576K
Event: 18.942 GC heap after
Heap after GC invocations=13 (full 2):
 PSYoungGen      total 81408K, used 0K [0x00000000e0000000, 0x00000000e7480000, 0x0000000100000000)
  eden space 71680K, 0% used [0x00000000e0000000,0x00000000e0000000,0x00000000e4600000)
  from space 9728K, 0% used [0x00000000e4600000,0x00000000e4600000,0x00000000e4f80000)
  to   space 9728K, 0% used [0x00000000e6b00000,0x00000000e6b00000,0x00000000e7480000)
 ParOldGen       total 82432K, used 16780K [0x00000000a0000000, 0x00000000a5080000, 0x00000000e0000000)
  object space 82432K, 20% used [0x00000000a0000000,0x00000000a10632b8,0x00000000a5080000)
 Metaspace       used 34642K, capacity 35242K, committed 35416K, reserved 1079296K
  class space    used 4754K, capacity 4934K, committed 4992K, reserved 1048576K
}
Event: 22.078 GC heap before
{Heap before GC invocations=14 (full 2):
 PSYoungGen      total 81408K, used 71680K [0x00000000e0000000, 0x00000000e7480000, 0x0000000100000000)
  eden space 71680K, 100% used [0x00000000e0000000,0x00000000e4600000,0x00000000e4600000)
  from space 9728K, 0% used [0x00000000e4600000,0x00000000e4600000,0x00000000e4f80000)
  to   space 9728K, 0% used [0x00000000e6b00000,0x00000000e6b00000,0x00000000e7480000)
 ParOldGen       total 82432K, used 16780K [0x00000000a0000000, 0x00000000a5080000, 0x00000000e0000000)
  object space 82432K, 20% used [0x00000000a0000000,0x00000000a10632b8,0x00000000a5080000)
 Metaspace       used 42812K, capacity 43650K, committed 43864K, reserved 1087488K
  class space    used 5794K, capacity 6015K, committed 6016K, reserved 1048576K
Event: 22.092 GC heap after
Heap after GC invocations=14 (full 2):
 PSYoungGen      total 105472K, used 9704K [0x00000000e0000000, 0x00000000e7480000, 0x0000000100000000)
  eden space 95744K, 0% used [0x00000000e0000000,0x00000000e0000000,0x00000000e5d80000)
  from space 9728K, 99% used [0x00000000e6b00000,0x00000000e747a2a0,0x00000000e7480000)
  to   space 11264K, 0% used [0x00000000e5e80000,0x00000000e5e80000,0x00000000e6980000)
 ParOldGen       total 82432K, used 17351K [0x00000000a0000000, 0x00000000a5080000, 0x00000000e0000000)
  object space 82432K, 21% used [0x00000000a0000000,0x00000000a10f1e50,0x00000000a5080000)
 Metaspace       used 42812K, capacity 43650K, committed 43864K, reserved 1087488K
  class space    used 5794K, capacity 6015K, committed 6016K, reserved 1048576K
}
Event: 25.360 GC heap before
{Heap before GC invocations=15 (full 2):
 PSYoungGen      total 105472K, used 105448K [0x00000000e0000000, 0x00000000e7480000, 0x0000000100000000)
  eden space 95744K, 100% used [0x00000000e0000000,0x00000000e5d80000,0x00000000e5d80000)
  from space 9728K, 99% used [0x00000000e6b00000,0x00000000e747a2a0,0x00000000e7480000)
  to   space 11264K, 0% used [0x00000000e5e80000,0x00000000e5e80000,0x00000000e6980000)
 ParOldGen       total 82432K, used 17351K [0x00000000a0000000, 0x00000000a5080000, 0x00000000e0000000)
  object space 82432K, 21% used [0x00000000a0000000,0x00000000a10f1e50,0x00000000a5080000)
 Metaspace       used 50136K, capacity 51332K, committed 51416K, reserved 1093632K
  class space    used 6759K, capacity 7091K, committed 7168K, reserved 1048576K
Event: 25.380 GC heap after
Heap after GC invocations=15 (full 2):
 PSYoungGen      total 108032K, used 11253K [0x00000000e0000000, 0x00000000e9780000, 0x0000000100000000)
  eden space 96768K, 0% used [0x00000000e0000000,0x00000000e0000000,0x00000000e5e80000)
  from space 11264K, 99% used [0x00000000e5e80000,0x00000000e697d5a0,0x00000000e6980000)
  to   space 14336K, 0% used [0x00000000e8980000,0x00000000e8980000,0x00000000e9780000)
 ParOldGen       total 82432K, used 22120K [0x00000000a0000000, 0x00000000a5080000, 0x00000000e0000000)
  object space 82432K, 26% used [0x00000000a0000000,0x00000000a159a298,0x00000000a5080000)
 Metaspace       used 50136K, capacity 51332K, committed 51416K, reserved 1093632K
  class space    used 6759K, capacity 7091K, committed 7168K, reserved 1048576K
}

