# JRE version: OpenJDK Runtime Environment (8.0_202-b03) (build 1.8.0_202-release-1483-b03)
# Java VM: OpenJDK 64-Bit Server VM (25.202-b03 mixed mode windows-amd64 compressed oops)
Heap:
 PSYoungGen      total 73728K, used 28297K [0x00000000e0000000, 0x00000000e6900000, 0x0000000100000000)
  eden space 63488K, 32% used [0x00000000e0000000,0x00000000e1469e60,0x00000000e3e00000)
  from space 10240K, 72% used [0x00000000e3e00000,0x00000000e45387e0,0x00000000e4800000)
  to   space 10240K, 0% used [0x00000000e5f00000,0x00000000e5f00000,0x00000000e6900000)
 ParOldGen       total 62976K, used 7900K [0x00000000a0000000, 0x00000000a3d80000, 0x00000000e0000000)
  object space 62976K, 12% used [0x00000000a0000000,0x00000000a07b7280,0x00000000a3d80000)
 Metaspace       used 29037K, capacity 29448K, committed 29696K, reserved 1075200K
  class space    used 3929K, capacity 4080K, committed 4096K, reserved 1048576K
GC Heap History (10 events):
Event: 5.114 GC heap before
{Heap before GC invocations=4 (full 0):
 PSYoungGen      total 36864K, used 36851K [0x00000000e0000000, 0x00000000e2900000, 0x0000000100000000)
  eden space 31744K, 100% used [0x00000000e0000000,0x00000000e1f00000,0x00000000e1f00000)
  from space 5120K, 99% used [0x00000000e1f00000,0x00000000e23fce28,0x00000000e2400000)
  to   space 5120K, 0% used [0x00000000e2400000,0x00000000e2400000,0x00000000e2900000)
 ParOldGen       total 84992K, used 1549K [0x00000000a0000000, 0x00000000a5300000, 0x00000000e0000000)
  object space 84992K, 1% used [0x00000000a0000000,0x00000000a0183490,0x00000000a5300000)
 Metaspace       used 15488K, capacity 15792K, committed 16000K, reserved 1062912K
  class space    used 2198K, capacity 2318K, committed 2432K, reserved 1048576K
Event: 5.130 GC heap after
Heap after GC invocations=4 (full 0):
 PSYoungGen      total 36864K, used 5104K [0x00000000e0000000, 0x00000000e2900000, 0x0000000100000000)
  eden space 31744K, 0% used [0x00000000e0000000,0x00000000e0000000,0x00000000e1f00000)
  from space 5120K, 99% used [0x00000000e2400000,0x00000000e28fc050,0x00000000e2900000)
  to   space 5120K, 0% used [0x00000000e1f00000,0x00000000e1f00000,0x00000000e2400000)
 ParOldGen       total 84992K, used 4458K [0x00000000a0000000, 0x00000000a5300000, 0x00000000e0000000)
  object space 84992K, 5% used [0x00000000a0000000,0x00000000a045aa68,0x00000000a5300000)
 Metaspace       used 15488K, capacity 15792K, committed 16000K, reserved 1062912K
  class space    used 2198K, capacity 2318K, committed 2432K, reserved 1048576K
}
Event: 6.870 GC heap before
{Heap before GC invocations=5 (full 0):
 PSYoungGen      total 36864K, used 36848K [0x00000000e0000000, 0x00000000e2900000, 0x0000000100000000)
  eden space 31744K, 100% used [0x00000000e0000000,0x00000000e1f00000,0x00000000e1f00000)
  from space 5120K, 99% used [0x00000000e2400000,0x00000000e28fc050,0x00000000e2900000)
  to   space 5120K, 0% used [0x00000000e1f00000,0x00000000e1f00000,0x00000000e2400000)
 ParOldGen       total 84992K, used 4458K [0x00000000a0000000, 0x00000000a5300000, 0x00000000e0000000)
  object space 84992K, 5% used [0x00000000a0000000,0x00000000a045aa68,0x00000000a5300000)
 Metaspace       used 18654K, capacity 19036K, committed 19328K, reserved 1064960K
  class space    used 2689K, capacity 2838K, committed 2944K, reserved 1048576K
Event: 6.893 GC heap after
Heap after GC invocations=5 (full 0):
 PSYoungGen      total 36864K, used 5088K [0x00000000e0000000, 0x00000000e5200000, 0x0000000100000000)
  eden space 31744K, 0% used [0x00000000e0000000,0x00000000e0000000,0x00000000e1f00000)
  from space 5120K, 99% used [0x00000000e1f00000,0x00000000e23f8050,0x00000000e2400000)
  to   space 10240K, 0% used [0x00000000e4800000,0x00000000e4800000,0x00000000e5200000)
 ParOldGen       total 84992K, used 7988K [0x00000000a0000000, 0x00000000a5300000, 0x00000000e0000000)
  object space 84992K, 9% used [0x00000000a0000000,0x00000000a07cd320,0x00000000a5300000)
 Metaspace       used 18654K, capacity 19036K, committed 19328K, reserved 1064960K
  class space    used 2689K, capacity 2838K, committed 2944K, reserved 1048576K
}
Event: 7.539 GC heap before
{Heap before GC invocations=6 (full 0):
 PSYoungGen      total 36864K, used 16471K [0x00000000e0000000, 0x00000000e5200000, 0x0000000100000000)
  eden space 31744K, 35% used [0x00000000e0000000,0x00000000e0b1dea0,0x00000000e1f00000)
  from space 5120K, 99% used [0x00000000e1f00000,0x00000000e23f8050,0x00000000e2400000)
  to   space 10240K, 0% used [0x00000000e4800000,0x00000000e4800000,0x00000000e5200000)
 ParOldGen       total 84992K, used 7988K [0x00000000a0000000, 0x00000000a5300000, 0x00000000e0000000)
  object space 84992K, 9% used [0x00000000a0000000,0x00000000a07cd320,0x00000000a5300000)
 Metaspace       used 20739K, capacity 21084K, committed 21248K, reserved 1067008K
  class space    used 2860K, capacity 3030K, committed 3072K, reserved 1048576K
Event: 7.557 GC heap after
Heap after GC invocations=6 (full 0):
 PSYoungGen      total 73728K, used 7099K [0x00000000e0000000, 0x00000000e5200000, 0x0000000100000000)
  eden space 63488K, 0% used [0x00000000e0000000,0x00000000e0000000,0x00000000e3e00000)
  from space 10240K, 69% used [0x00000000e4800000,0x00000000e4eeed88,0x00000000e5200000)
  to   space 10240K, 0% used [0x00000000e3e00000,0x00000000e3e00000,0x00000000e4800000)
 ParOldGen       total 84992K, used 7996K [0x00000000a0000000, 0x00000000a5300000, 0x00000000e0000000)
  object space 84992K, 9% used [0x00000000a0000000,0x00000000a07cf320,0x00000000a5300000)
 Metaspace       used 20739K, capacity 21084K, committed 21248K, reserved 1067008K
  class space    used 2860K, capacity 3030K, committed 3072K, reserved 1048576K
}
Event: 7.557 GC heap before
{Heap before GC invocations=7 (full 1):
 PSYoungGen      total 73728K, used 7099K [0x00000000e0000000, 0x00000000e5200000, 0x0000000100000000)
  eden space 63488K, 0% used [0x00000000e0000000,0x00000000e0000000,0x00000000e3e00000)
  from space 10240K, 69% used [0x00000000e4800000,0x00000000e4eeed88,0x00000000e5200000)
  to   space 10240K, 0% used [0x00000000e3e00000,0x00000000e3e00000,0x00000000e4800000)
 ParOldGen       total 84992K, used 7996K [0x00000000a0000000, 0x00000000a5300000, 0x00000000e0000000)
  object space 84992K, 9% used [0x00000000a0000000,0x00000000a07cf320,0x00000000a5300000)
 Metaspace       used 20739K, capacity 21084K, committed 21248K, reserved 1067008K
  class space    used 2860K, capacity 3030K, committed 3072K, reserved 1048576K
Event: 7.710 GC heap after
Heap after GC invocations=7 (full 1):
 PSYoungGen      total 73728K, used 0K [0x00000000e0000000, 0x00000000e5200000, 0x0000000100000000)
  eden space 63488K, 0% used [0x00000000e0000000,0x00000000e0000000,0x00000000e3e00000)
  from space 10240K, 0% used [0x00000000e4800000,0x00000000e4800000,0x00000000e5200000)
  to   space 10240K, 0% used [0x00000000e3e00000,0x00000000e3e00000,0x00000000e4800000)
 ParOldGen       total 62976K, used 7892K [0x00000000a0000000, 0x00000000a3d80000, 0x00000000e0000000)
  object space 62976K, 12% used [0x00000000a0000000,0x00000000a07b5280,0x00000000a3d80000)
 Metaspace       used 20739K, capacity 21084K, committed 21248K, reserved 1067008K
  class space    used 2860K, capacity 3030K, committed 3072K, reserved 1048576K
}
Event: 9.881 GC heap before
{Heap before GC invocations=8 (full 1):
 PSYoungGen      total 73728K, used 63488K [0x00000000e0000000, 0x00000000e5200000, 0x0000000100000000)
  eden space 63488K, 100% used [0x00000000e0000000,0x00000000e3e00000,0x00000000e3e00000)
  from space 10240K, 0% used [0x00000000e4800000,0x00000000e4800000,0x00000000e5200000)
  to   space 10240K, 0% used [0x00000000e3e00000,0x00000000e3e00000,0x00000000e4800000)
 ParOldGen       total 62976K, used 7892K [0x00000000a0000000, 0x00000000a3d80000, 0x00000000e0000000)
  object space 62976K, 12% used [0x00000000a0000000,0x00000000a07b5280,0x00000000a3d80000)
 Metaspace       used 28087K, capacity 28432K, committed 28800K, reserved 1075200K
  class space    used 3775K, capacity 3913K, committed 3968K, reserved 1048576K
Event: 9.892 GC heap after
Heap after GC invocations=8 (full 1):
 PSYoungGen      total 73728K, used 7393K [0x00000000e0000000, 0x00000000e6900000, 0x0000000100000000)
  eden space 63488K, 0% used [0x00000000e0000000,0x00000000e0000000,0x00000000e3e00000)
  from space 10240K, 72% used [0x00000000e3e00000,0x00000000e45387e0,0x00000000e4800000)
  to   space 10240K, 0% used [0x00000000e5f00000,0x00000000e5f00000,0x00000000e6900000)
 ParOldGen       total 62976K, used 7900K [0x00000000a0000000, 0x00000000a3d80000, 0x00000000e0000000)
  object space 62976K, 12% used [0x00000000a0000000,0x00000000a07b7280,0x00000000a3d80000)
 Metaspace       used 28087K, capacity 28432K, committed 28800K, reserved 1075200K
  class space    used 3775K, capacity 3913K, committed 3968K, reserved 1048576K
}

