# JRE version: OpenJDK Runtime Environment (8.0_202-b03) (build 1.8.0_202-release-1483-b03)
# Java VM: OpenJDK 64-Bit Server VM (25.202-b03 mixed mode windows-amd64 compressed oops)
Heap:
 PSYoungGen      total 99840K, used 98938K [0x00000000e0000000, 0x00000000e8a80000, 0x0000000100000000)
  eden space 88064K, 100% used [0x00000000e0000000,0x00000000e5600000,0x00000000e5600000)
  from space 11776K, 92% used [0x00000000e5600000,0x00000000e609eb48,0x00000000e6180000)
  to   space 13312K, 14% used [0x00000000e7d80000,0x00000000e7f62010,0x00000000e8a80000)
 ParOldGen       total 84480K, used 24057K [0x00000000a0000000, 0x00000000a5280000, 0x00000000e0000000)
  object space 84480K, 28% used [0x00000000a0000000,0x00000000a1784620,0x00000000a5280000)
 Metaspace       used 56428K, capacity 57878K, committed 57944K, reserved 1099776K
  class space    used 7668K, capacity 8052K, committed 8064K, reserved 1048576K
GC Heap History (10 events):
Event: 14.696 GC heap before
{Heap before GC invocations=11 (full 1):
 PSYoungGen      total 59904K, used 56748K [0x00000000e0000000, 0x00000000e5700000, 0x0000000100000000)
  eden space 49664K, 100% used [0x00000000e0000000,0x00000000e3080000,0x00000000e3080000)
  from space 10240K, 69% used [0x00000000e3080000,0x00000000e376b210,0x00000000e3a80000)
  to   space 10240K, 0% used [0x00000000e4d00000,0x00000000e4d00000,0x00000000e5700000)
 ParOldGen       total 57344K, used 8332K [0x00000000a0000000, 0x00000000a3800000, 0x00000000e0000000)
  object space 57344K, 14% used [0x00000000a0000000,0x00000000a08231e0,0x00000000a3800000)
 Metaspace       used 33582K, capacity 34120K, committed 34560K, reserved 1079296K
  class space    used 4597K, capacity 4779K, committed 4864K, reserved 1048576K
Event: 14.709 GC heap after
Heap after GC invocations=11 (full 1):
 PSYoungGen      total 75776K, used 5381K [0x00000000e0000000, 0x00000000e5500000, 0x0000000100000000)
  eden space 67584K, 0% used [0x00000000e0000000,0x00000000e0000000,0x00000000e4200000)
  from space 8192K, 65% used [0x00000000e4d00000,0x00000000e5241568,0x00000000e5500000)
  to   space 9728K, 0% used [0x00000000e4200000,0x00000000e4200000,0x00000000e4b80000)
 ParOldGen       total 57344K, used 11408K [0x00000000a0000000, 0x00000000a3800000, 0x00000000e0000000)
  object space 57344K, 19% used [0x00000000a0000000,0x00000000a0b24200,0x00000000a3800000)
 Metaspace       used 33582K, capacity 34120K, committed 34560K, reserved 1079296K
  class space    used 4597K, capacity 4779K, committed 4864K, reserved 1048576K
}
Event: 18.818 GC heap before
{Heap before GC invocations=12 (full 1):
 PSYoungGen      total 75776K, used 35181K [0x00000000e0000000, 0x00000000e5500000, 0x0000000100000000)
  eden space 67584K, 44% used [0x00000000e0000000,0x00000000e1d19fd8,0x00000000e4200000)
  from space 8192K, 65% used [0x00000000e4d00000,0x00000000e5241568,0x00000000e5500000)
  to   space 9728K, 0% used [0x00000000e4200000,0x00000000e4200000,0x00000000e4b80000)
 ParOldGen       total 57344K, used 11408K [0x00000000a0000000, 0x00000000a3800000, 0x00000000e0000000)
  object space 57344K, 19% used [0x00000000a0000000,0x00000000a0b24200,0x00000000a3800000)
 Metaspace       used 34578K, capacity 35174K, committed 35416K, reserved 1079296K
  class space    used 4754K, capacity 4934K, committed 4992K, reserved 1048576K
Event: 18.832 GC heap after
Heap after GC invocations=12 (full 1):
 PSYoungGen      total 77312K, used 2967K [0x00000000e0000000, 0x00000000e6b80000, 0x0000000100000000)
  eden space 67584K, 0% used [0x00000000e0000000,0x00000000e0000000,0x00000000e4200000)
  from space 9728K, 30% used [0x00000000e4200000,0x00000000e44e5fd0,0x00000000e4b80000)
  to   space 10240K, 0% used [0x00000000e6180000,0x00000000e6180000,0x00000000e6b80000)
 ParOldGen       total 57344K, used 13930K [0x00000000a0000000, 0x00000000a3800000, 0x00000000e0000000)
  object space 57344K, 24% used [0x00000000a0000000,0x00000000a0d9a960,0x00000000a3800000)
 Metaspace       used 34578K, capacity 35174K, committed 35416K, reserved 1079296K
  class space    used 4754K, capacity 4934K, committed 4992K, reserved 1048576K
}
Event: 18.832 GC heap before
{Heap before GC invocations=13 (full 2):
 PSYoungGen      total 77312K, used 2967K [0x00000000e0000000, 0x00000000e6b80000, 0x0000000100000000)
  eden space 67584K, 0% used [0x00000000e0000000,0x00000000e0000000,0x00000000e4200000)
  from space 9728K, 30% used [0x00000000e4200000,0x00000000e44e5fd0,0x00000000e4b80000)
  to   space 10240K, 0% used [0x00000000e6180000,0x00000000e6180000,0x00000000e6b80000)
 ParOldGen       total 57344K, used 13930K [0x00000000a0000000, 0x00000000a3800000, 0x00000000e0000000)
  object space 57344K, 24% used [0x00000000a0000000,0x00000000a0d9a960,0x00000000a3800000)
 Metaspace       used 34578K, capacity 35174K, committed 35416K, reserved 1079296K
  class space    used 4754K, capacity 4934K, committed 4992K, reserved 1048576K
Event: 18.908 GC heap after
Heap after GC invocations=13 (full 2):
 PSYoungGen      total 77312K, used 0K [0x00000000e0000000, 0x00000000e6b80000, 0x0000000100000000)
  eden space 67584K, 0% used [0x00000000e0000000,0x00000000e0000000,0x00000000e4200000)
  from space 9728K, 0% used [0x00000000e4200000,0x00000000e4200000,0x00000000e4b80000)
  to   space 10240K, 0% used [0x00000000e6180000,0x00000000e6180000,0x00000000e6b80000)
 ParOldGen       total 84480K, used 15253K [0x00000000a0000000, 0x00000000a5280000, 0x00000000e0000000)
  object space 84480K, 18% used [0x00000000a0000000,0x00000000a0ee56d8,0x00000000a5280000)
 Metaspace       used 34578K, capacity 35174K, committed 35416K, reserved 1079296K
  class space    used 4754K, capacity 4934K, committed 4992K, reserved 1048576K
}
Event: 21.944 GC heap before
{Heap before GC invocations=14 (full 2):
 PSYoungGen      total 77312K, used 67584K [0x00000000e0000000, 0x00000000e6b80000, 0x0000000100000000)
  eden space 67584K, 100% used [0x00000000e0000000,0x00000000e4200000,0x00000000e4200000)
  from space 9728K, 0% used [0x00000000e4200000,0x00000000e4200000,0x00000000e4b80000)
  to   space 10240K, 0% used [0x00000000e6180000,0x00000000e6180000,0x00000000e6b80000)
 ParOldGen       total 84480K, used 15253K [0x00000000a0000000, 0x00000000a5280000, 0x00000000e0000000)
  object space 84480K, 18% used [0x00000000a0000000,0x00000000a0ee56d8,0x00000000a5280000)
 Metaspace       used 42568K, capacity 43418K, committed 43608K, reserved 1087488K
  class space    used 5752K, capacity 5983K, committed 6016K, reserved 1048576K
Event: 21.957 GC heap after
Heap after GC invocations=14 (full 2):
 PSYoungGen      total 98304K, used 10226K [0x00000000e0000000, 0x00000000e6e00000, 0x0000000100000000)
  eden space 88064K, 0% used [0x00000000e0000000,0x00000000e0000000,0x00000000e5600000)
  from space 10240K, 99% used [0x00000000e6180000,0x00000000e6b7c900,0x00000000e6b80000)
  to   space 11776K, 0% used [0x00000000e5600000,0x00000000e5600000,0x00000000e6180000)
 ParOldGen       total 84480K, used 17255K [0x00000000a0000000, 0x00000000a5280000, 0x00000000e0000000)
  object space 84480K, 20% used [0x00000000a0000000,0x00000000a10d9dc8,0x00000000a5280000)
 Metaspace       used 42568K, capacity 43418K, committed 43608K, reserved 1087488K
  class space    used 5752K, capacity 5983K, committed 6016K, reserved 1048576K
}
Event: 25.176 GC heap before
{Heap before GC invocations=15 (full 2):
 PSYoungGen      total 98304K, used 98290K [0x00000000e0000000, 0x00000000e6e00000, 0x0000000100000000)
  eden space 88064K, 100% used [0x00000000e0000000,0x00000000e5600000,0x00000000e5600000)
  from space 10240K, 99% used [0x00000000e6180000,0x00000000e6b7c900,0x00000000e6b80000)
  to   space 11776K, 0% used [0x00000000e5600000,0x00000000e5600000,0x00000000e6180000)
 ParOldGen       total 84480K, used 17255K [0x00000000a0000000, 0x00000000a5280000, 0x00000000e0000000)
  object space 84480K, 20% used [0x00000000a0000000,0x00000000a10d9dc8,0x00000000a5280000)
 Metaspace       used 49465K, capacity 50624K, committed 50776K, reserved 1093632K
  class space    used 6673K, capacity 6963K, committed 7040K, reserved 1048576K
Event: 25.197 GC heap after
Heap after GC invocations=15 (full 2):
 PSYoungGen      total 99840K, used 10874K [0x00000000e0000000, 0x00000000e8a80000, 0x0000000100000000)
  eden space 88064K, 0% used [0x00000000e0000000,0x00000000e0000000,0x00000000e5600000)
  from space 11776K, 92% used [0x00000000e5600000,0x00000000e609eb48,0x00000000e6180000)
  to   space 13312K, 0% used [0x00000000e7d80000,0x00000000e7d80000,0x00000000e8a80000)
 ParOldGen       total 84480K, used 21451K [0x00000000a0000000, 0x00000000a5280000, 0x00000000e0000000)
  object space 84480K, 25% used [0x00000000a0000000,0x00000000a14f2dd0,0x00000000a5280000)
 Metaspace       used 49465K, capacity 50624K, committed 50776K, reserved 1093632K
  class space    used 6673K, capacity 6963K, committed 7040K, reserved 1048576K
}

